Watching for file changes with StatReloader
System check identified some issues:

WARNINGS:
?: (urls.W005) URL namespace 'sso' isn't unique. You may not be able to reverse all URLs in this namespace

System check identified 1 issue (0 silenced).
/Users/cerion/Projects/barge2rail-auth/core/settings.py changed, reloading.
Performing system checks...

September 11, 2025 - 15:10:31
Django version 4.2.24, using settings 'core.settings'
Starting development server at http://127.0.0.1:8000/
Quit the server with CONTROL-C.

Watching for file changes with StatReloader
System check identified some issues:

WARNINGS:
?: (urls.W005) URL namespace 'sso' isn't unique. You may not be able to reverse all URLs in this namespace

System check identified 1 issue (0 silenced).
/Users/cerion/Projects/barge2rail-auth/core/settings.py changed, reloading.
Performing system checks...

September 11, 2025 - 15:21:00
Django version 4.2.24, using settings 'core.settings'
Starting development server at http://127.0.0.1:8000/
Quit the server with CONTROL-C.

INFO 2025-09-11 15:28:59,171 autoreload 5925 8491131072 Watching for file changes with StatReloader
System check identified some issues:

WARNINGS:
?: (urls.W005) URL namespace 'sso' isn't unique. You may not be able to reverse all URLs in this namespace

System check identified 1 issue (0 silenced).
INFO 2025-09-11 15:33:42,716 autoreload 5925 8491131072 /Users/cerion/Projects/barge2rail-auth/sso/views.py changed, reloading.
Performing system checks...

September 11, 2025 - 15:28:59
Django version 4.2.24, using settings 'core.settings'
Starting development server at http://127.0.0.1:8000/
Quit the server with CONTROL-C.

INFO 2025-09-11 15:33:43,094 autoreload 19191 8491131072 Watching for file changes with StatReloader
Exception in thread django-main-thread:
Traceback (most recent call last):
  File "/opt/homebrew/Cellar/python@3.13/3.13.7/Frameworks/Python.framework/Versions/3.13/lib/python3.13/threading.py", line 1043, in _bootstrap_inner
    self.run()
    ~~~~~~~~^^
  File "/opt/homebrew/Cellar/python@3.13/3.13.7/Frameworks/Python.framework/Versions/3.13/lib/python3.13/threading.py", line 994, in run
    self._target(*self._args, **self._kwargs)
    ~~~~~~~~~~~~^^^^^^^^^^^^^^^^^^^^^^^^^^^^^
  File "/Users/cerion/Projects/barge2rail-auth/venv/lib/python3.13/site-packages/django/utils/autoreload.py", line 64, in wrapper
    fn(*args, **kwargs)
    ~~^^^^^^^^^^^^^^^^^
  File "/Users/cerion/Projects/barge2rail-auth/venv/lib/python3.13/site-packages/django/core/management/commands/runserver.py", line 133, in inner_run
    self.check(display_num_errors=True)
    ~~~~~~~~~~^^^^^^^^^^^^^^^^^^^^^^^^^
  File "/Users/cerion/Projects/barge2rail-auth/venv/lib/python3.13/site-packages/django/core/management/base.py", line 485, in check
    all_issues = checks.run_checks(
        app_configs=app_configs,
    ...<2 lines>...
        databases=databases,
    )
  File "/Users/cerion/Projects/barge2rail-auth/venv/lib/python3.13/site-packages/django/core/checks/registry.py", line 88, in run_checks
    new_errors = check(app_configs=app_configs, databases=databases)
  File "/Users/cerion/Projects/barge2rail-auth/venv/lib/python3.13/site-packages/django/core/checks/urls.py", line 14, in check_url_config
    return check_resolver(resolver)
  File "/Users/cerion/Projects/barge2rail-auth/venv/lib/python3.13/site-packages/django/core/checks/urls.py", line 24, in check_resolver
    return check_method()
  File "/Users/cerion/Projects/barge2rail-auth/venv/lib/python3.13/site-packages/django/urls/resolvers.py", line 494, in check
    for pattern in self.url_patterns:
                   ^^^^^^^^^^^^^^^^^
  File "/Users/cerion/Projects/barge2rail-auth/venv/lib/python3.13/site-packages/django/utils/functional.py", line 57, in __get__
    res = instance.__dict__[self.name] = self.func(instance)
                                         ~~~~~~~~~^^^^^^^^^^
  File "/Users/cerion/Projects/barge2rail-auth/venv/lib/python3.13/site-packages/django/urls/resolvers.py", line 715, in url_patterns
    patterns = getattr(self.urlconf_module, "urlpatterns", self.urlconf_module)
                       ^^^^^^^^^^^^^^^^^^^
  File "/Users/cerion/Projects/barge2rail-auth/venv/lib/python3.13/site-packages/django/utils/functional.py", line 57, in __get__
    res = instance.__dict__[self.name] = self.func(instance)
                                         ~~~~~~~~~^^^^^^^^^^
  File "/Users/cerion/Projects/barge2rail-auth/venv/lib/python3.13/site-packages/django/urls/resolvers.py", line 708, in urlconf_module
    return import_module(self.urlconf_name)
  File "/opt/homebrew/Cellar/python@3.13/3.13.7/Frameworks/Python.framework/Versions/3.13/lib/python3.13/importlib/__init__.py", line 88, in import_module
    return _bootstrap._gcd_import(name[level:], package, level)
           ~~~~~~~~~~~~~~~~~~~~~~^^^^^^^^^^^^^^^^^^^^^^^^^^^^^^
  File "<frozen importlib._bootstrap>", line 1387, in _gcd_import
  File "<frozen importlib._bootstrap>", line 1360, in _find_and_load
  File "<frozen importlib._bootstrap>", line 1331, in _find_and_load_unlocked
  File "<frozen importlib._bootstrap>", line 935, in _load_unlocked
  File "<frozen importlib._bootstrap_external>", line 1026, in exec_module
  File "<frozen importlib._bootstrap>", line 488, in _call_with_frames_removed
  File "/Users/cerion/Projects/barge2rail-auth/core/urls.py", line 24, in <module>
    path('api/auth/', include('sso.urls')),
                      ~~~~~~~^^^^^^^^^^^^
  File "/Users/cerion/Projects/barge2rail-auth/venv/lib/python3.13/site-packages/django/urls/conf.py", line 38, in include
    urlconf_module = import_module(urlconf_module)
  File "/opt/homebrew/Cellar/python@3.13/3.13.7/Frameworks/Python.framework/Versions/3.13/lib/python3.13/importlib/__init__.py", line 88, in import_module
    return _bootstrap._gcd_import(name[level:], package, level)
           ~~~~~~~~~~~~~~~~~~~~~~^^^^^^^^^^^^^^^^^^^^^^^^^^^^^^
  File "<frozen importlib._bootstrap>", line 1387, in _gcd_import
  File "<frozen importlib._bootstrap>", line 1360, in _find_and_load
  File "<frozen importlib._bootstrap>", line 1331, in _find_and_load_unlocked
  File "<frozen importlib._bootstrap>", line 935, in _load_unlocked
  File "<frozen importlib._bootstrap_external>", line 1026, in exec_module
  File "<frozen importlib._bootstrap>", line 488, in _call_with_frames_removed
  File "/Users/cerion/Projects/barge2rail-auth/sso/urls.py", line 22, in <module>
    path('profile/', views.profile, name='profile'),
                     ^^^^^^^^^^^^^
AttributeError: module 'sso.views' has no attribute 'profile'
INFO 2025-09-11 15:33:52,451 autoreload 19191 8491131072 /Users/cerion/Projects/barge2rail-auth/sso/urls.py changed, reloading.
Performing system checks...

INFO 2025-09-11 15:33:52,682 autoreload 19703 8491131072 Watching for file changes with StatReloader
INFO 2025-09-11 15:35:22,096 autoreload 19703 8491131072 /Users/cerion/Projects/barge2rail-auth/dashboard/urls.py changed, reloading.
Performing system checks...

System check identified no issues (0 silenced).
September 11, 2025 - 15:33:52
Django version 4.2.24, using settings 'core.settings'
Starting development server at http://127.0.0.1:8000/
Quit the server with CONTROL-C.

INFO 2025-09-11 15:35:22,457 autoreload 23818 8491131072 Watching for file changes with StatReloader
INFO 2025-09-11 15:35:29,789 autoreload 23818 8491131072 /Users/cerion/Projects/barge2rail-auth/core/urls.py changed, reloading.
Performing system checks...

System check identified no issues (0 silenced).
September 11, 2025 - 15:35:22
Django version 4.2.24, using settings 'core.settings'
Starting development server at http://127.0.0.1:8000/
Quit the server with CONTROL-C.

INFO 2025-09-11 15:35:30,034 autoreload 24196 8491131072 Watching for file changes with StatReloader
System check identified some issues:

WARNINGS:
?: (urls.W005) URL namespace 'dashboard' isn't unique. You may not be able to reverse all URLs in this namespace

System check identified 1 issue (0 silenced).
INFO 2025-09-11 15:35:42,480 autoreload 24196 8491131072 /Users/cerion/Projects/barge2rail-auth/sso/views.py changed, reloading.
Performing system checks...

September 11, 2025 - 15:35:30
Django version 4.2.24, using settings 'core.settings'
Starting development server at http://127.0.0.1:8000/
Quit the server with CONTROL-C.

INFO 2025-09-11 15:35:42,727 autoreload 24818 8491131072 Watching for file changes with StatReloader
System check identified some issues:

WARNINGS:
?: (urls.W005) URL namespace 'dashboard' isn't unique. You may not be able to reverse all URLs in this namespace

System check identified 1 issue (0 silenced).
INFO 2025-09-11 15:35:49,009 autoreload 24818 8491131072 /Users/cerion/Projects/barge2rail-auth/sso/urls.py changed, reloading.
Performing system checks...

September 11, 2025 - 15:35:42
Django version 4.2.24, using settings 'core.settings'
Starting development server at http://127.0.0.1:8000/
Quit the server with CONTROL-C.

INFO 2025-09-11 15:35:49,317 autoreload 25142 8491131072 Watching for file changes with StatReloader
System check identified some issues:

WARNINGS:
?: (urls.W005) URL namespace 'dashboard' isn't unique. You may not be able to reverse all URLs in this namespace

System check identified 1 issue (0 silenced).
INFO 2025-09-11 15:35:55,579 autoreload 25142 8491131072 /Users/cerion/Projects/barge2rail-auth/core/urls.py changed, reloading.
Performing system checks...

September 11, 2025 - 15:35:49
Django version 4.2.24, using settings 'core.settings'
Starting development server at http://127.0.0.1:8000/
Quit the server with CONTROL-C.

INFO 2025-09-11 15:35:55,830 autoreload 25509 8491131072 Watching for file changes with StatReloader
INFO 2025-09-11 15:36:18,663 basehttp 25509 6193311744 "GET /login/ HTTP/1.1" 200 17739
INFO 2025-09-11 15:36:18,678 basehttp 25509 6193311744 "GET /static/js/barge2rail-sso-v2.js HTTP/1.1" 200 10945
WARNING 2025-09-11 15:36:19,902 log 25509 6193311744 Not Found: /favicon.ico
WARNING 2025-09-11 15:36:19,906 basehttp 25509 6193311744 "GET /favicon.ico HTTP/1.1" 404 4438
INFO 2025-09-11 15:37:15,853 basehttp 25509 6210138112 "GET /login/ HTTP/1.1" 200 17739
INFO 2025-09-11 15:37:15,871 basehttp 25509 6210138112 "GET /static/js/barge2rail-sso-v2.js HTTP/1.1" 200 10945
WARNING 2025-09-11 15:37:15,878 log 25509 6226964480 Not Found: /.well-known/appspecific/com.chrome.devtools.json
WARNING 2025-09-11 15:37:15,878 basehttp 25509 6226964480 "GET /.well-known/appspecific/com.chrome.devtools.json HTTP/1.1" 404 4549
WARNING 2025-09-11 15:37:16,602 log 25509 6226964480 Not Found: /favicon.ico
WARNING 2025-09-11 15:37:16,602 basehttp 25509 6226964480 "GET /favicon.ico HTTP/1.1" 404 4438
INFO 2025-09-11 15:42:12,945 basehttp 25509 6193311744 "GET /api/auth/health/ HTTP/1.1" 200 20
INFO 2025-09-11 15:42:12,954 basehttp 25509 6193311744 "GET /api/auth/config/google/ HTTP/1.1" 200 172
INFO 2025-09-11 15:42:12,960 basehttp 25509 6193311744 "GET /api/auth/oauth/google/url/ HTTP/1.1" 200 446
INFO 2025-09-11 15:43:44,852 autoreload 25509 8491131072 /Users/cerion/Projects/barge2rail-auth/sso/views.py changed, reloading.
Performing system checks...

System check identified no issues (0 silenced).
September 11, 2025 - 15:35:55
Django version 4.2.24, using settings 'core.settings'
Starting development server at http://127.0.0.1:8000/
Quit the server with CONTROL-C.

INFO 2025-09-11 15:43:45,218 autoreload 46866 8491131072 Watching for file changes with StatReloader
INFO 2025-09-11 15:45:13,033 basehttp 46866 6199357440 "GET /api/auth/config/google/ HTTP/1.1" 200 172
WARNING 2025-09-11 15:45:13,166 log 46866 6199357440 Not Found: /favicon.ico
WARNING 2025-09-11 15:45:13,166 basehttp 46866 6199357440 "GET /favicon.ico HTTP/1.1" 404 4438
INFO 2025-09-11 15:45:23,391 basehttp 46866 6199357440 "GET /api/auth/oauth/google/url/ HTTP/1.1" 200 446
INFO 2025-09-11 15:45:34,706 basehttp 46866 6199357440 "GET /login/ HTTP/1.1" 200 17739
INFO 2025-09-11 15:45:34,712 basehttp 46866 6199357440 "GET /static/js/barge2rail-sso-v2.js HTTP/1.1" 200 10945
INFO 2025-09-11 18:48:28,210 basehttp 46866 6199357440 "GET /api/auth/health/ HTTP/1.1" 200 20
INFO 2025-09-11 18:48:28,222 basehttp 46866 6199357440 "GET /api/auth/config/google/ HTTP/1.1" 200 172
INFO 2025-09-11 18:48:28,278 basehttp 46866 6199357440 "GET /api/auth/oauth/google/url/ HTTP/1.1" 200 446
INFO 2025-09-11 18:48:28,308 basehttp 46866 6199357440 "GET /login/ HTTP/1.1" 200 17739
INFO 2025-09-11 18:48:49,305 basehttp 46866 6199357440 "GET /api/auth/health/ HTTP/1.1" 200 20
INFO 2025-09-11 18:48:49,333 basehttp 46866 6199357440 "GET /api/auth/config/google/ HTTP/1.1" 200 172
INFO 2025-09-11 19:10:46,273 basehttp 46866 6199357440 "GET /login/ HTTP/1.1" 200 17739
INFO 2025-09-11 19:10:46,291 basehttp 46866 6199357440 "GET /static/js/barge2rail-sso-v2.js HTTP/1.1" 304 0
WARNING 2025-09-11 19:10:47,929 log 46866 6199357440 Not Found: /favicon.ico
WARNING 2025-09-11 19:10:47,929 basehttp 46866 6199357440 "GET /favicon.ico HTTP/1.1" 404 4438
WARNING 2025-09-11 19:10:56,120 log 46866 6199357440 Not Found: /.well-known/appspecific/com.chrome.devtools.json
WARNING 2025-09-11 19:10:56,121 basehttp 46866 6199357440 "GET /.well-known/appspecific/com.chrome.devtools.json HTTP/1.1" 404 4549
INFO 2025-09-11 19:13:46,726 basehttp 46866 6216183808 "GET /api/auth/health/ HTTP/1.1" 200 20
INFO 2025-09-11 19:13:46,747 basehttp 46866 6216183808 "GET /api/auth/config/google/ HTTP/1.1" 200 172
INFO 2025-09-11 19:13:46,791 basehttp 46866 6216183808 "GET /api/auth/oauth/google/url/ HTTP/1.1" 200 446
INFO 2025-09-11 19:14:42,513 basehttp 46866 6199357440 "GET /login/ HTTP/1.1" 200 17739
INFO 2025-09-11 19:14:42,531 basehttp 46866 6199357440 "GET /static/js/barge2rail-sso-v2.js HTTP/1.1" 200 10945
WARNING 2025-09-11 19:14:42,552 log 46866 6199357440 Not Found: /.well-known/appspecific/com.chrome.devtools.json
WARNING 2025-09-11 19:14:42,552 basehttp 46866 6199357440 "GET /.well-known/appspecific/com.chrome.devtools.json HTTP/1.1" 404 4549
WARNING 2025-09-11 19:14:44,156 log 46866 6199357440 Not Found: /favicon.ico
WARNING 2025-09-11 19:14:44,157 basehttp 46866 6199357440 "GET /favicon.ico HTTP/1.1" 404 4438
INFO 2025-09-11 19:16:58,299 autoreload 46866 8491131072 /Users/cerion/Projects/barge2rail-auth/dashboard/urls.py changed, reloading.
Performing system checks...

System check identified no issues (0 silenced).
September 11, 2025 - 15:43:45
Django version 4.2.24, using settings 'core.settings'
Starting development server at http://127.0.0.1:8000/
Quit the server with CONTROL-C.

INFO 2025-09-11 19:16:58,641 autoreload 148 8491131072 Watching for file changes with StatReloader
INFO 2025-09-11 19:17:04,949 autoreload 148 8491131072 /Users/cerion/Projects/barge2rail-auth/dashboard/views.py changed, reloading.
Performing system checks...

System check identified no issues (0 silenced).
September 11, 2025 - 19:16:58
Django version 4.2.24, using settings 'core.settings'
Starting development server at http://127.0.0.1:8000/
Quit the server with CONTROL-C.

INFO 2025-09-11 19:17:05,200 autoreload 497 8491131072 Watching for file changes with StatReloader
INFO 2025-09-11 19:17:50,303 basehttp 497 6134525952 "GET /api/auth/health/ HTTP/1.1" 200 20
INFO 2025-09-11 19:17:50,323 basehttp 497 6134525952 "GET /api/auth/config/google/ HTTP/1.1" 200 172
INFO 2025-09-11 19:17:50,375 basehttp 497 6134525952 "GET /api/auth/oauth/google/url/ HTTP/1.1" 200 446
INFO 2025-09-11 19:18:20,913 basehttp 497 6134525952 "GET /login/ HTTP/1.1" 200 14629
WARNING 2025-09-11 19:18:20,946 log 497 6134525952 Not Found: /.well-known/appspecific/com.chrome.devtools.json
WARNING 2025-09-11 19:18:20,946 basehttp 497 6134525952 "GET /.well-known/appspecific/com.chrome.devtools.json HTTP/1.1" 404 4549
WARNING 2025-09-11 19:18:20,958 log 497 6134525952 Not Found: /favicon.ico
WARNING 2025-09-11 19:18:20,959 basehttp 497 6134525952 "GET /favicon.ico HTTP/1.1" 404 4438
INFO 2025-09-11 19:18:27,970 basehttp 497 6134525952 "GET /api/auth/oauth/google/url/ HTTP/1.1" 200 446
